<?xml version="1.0" encoding="UTF-8"?>
<!-- Generated by org.testng.reporters.JUnitReportReporter -->
<testsuite skipped="0" hostname="NML13" name="com.HRM.testcases.Tc_002_CreateNewEmployeeAndLoginWithNewEmployee" tests="5" failures="0" timestamp="28 Dec 2021 04:22:13 GMT" time="24.544" errors="0">
  <testcase name="set_LoginCredentials" time="0.466" classname="com.HRM.testcases.Tc_002_CreateNewEmployeeAndLoginWithNewEmployee"/>
  <testcase name="click_onLoginButton" time="4.998" classname="com.HRM.testcases.Tc_002_CreateNewEmployeeAndLoginWithNewEmployee"/>
  <testcase name="creatingNewUser" time="9.640" classname="com.HRM.testcases.Tc_002_CreateNewEmployeeAndLoginWithNewEmployee"/>
  <testcase name="logOutFromHRMApplication" time="6.216" classname="com.HRM.testcases.Tc_002_CreateNewEmployeeAndLoginWithNewEmployee"/>
  <testcase name="loginWithNewlyCreatedUser" time="3.224" classname="com.HRM.testcases.Tc_002_CreateNewEmployeeAndLoginWithNewEmployee"/>
</testsuite> <!-- com.HRM.testcases.Tc_002_CreateNewEmployeeAndLoginWithNewEmployee -->
