<?xml version="1.0" encoding="UTF-8"?>
<!-- Generated by org.testng.reporters.JUnitReportReporter -->
<testsuite skipped="0" hostname="NML13" name="com.HRM.testcases.Tc_001_LoginIntoAppWithValidCreds" tests="3" failures="0" timestamp="28 Dec 2021 04:22:13 GMT" time="5.177" errors="0">
  <testcase name="set_LoginCredentials" time="0.584" classname="com.HRM.testcases.Tc_001_LoginIntoAppWithValidCreds"/>
  <testcase name="click_onLoginButton" time="4.543" classname="com.HRM.testcases.Tc_001_LoginIntoAppWithValidCreds"/>
  <testcase name="verifyTheTitle_AfterLogin" time="0.050" classname="com.HRM.testcases.Tc_001_LoginIntoAppWithValidCreds"/>
</testsuite> <!-- com.HRM.testcases.Tc_001_LoginIntoAppWithValidCreds -->
